%!Adobe-FontList 1.13
%Locale:0x409

%BeginFont
Handler:DirectoryHandler
FontType:TrueType
FontName:Arial-BoldMT
FamilyName:Arial
StyleName:Bold
MenuName:Arial
StyleBits:2
WeightClass:700
WidthClass:5
AngleClass:0
FullName:Arial Bold
WritingScript:Roman
OutlineFileName:\Arial Bold.ttf
DataFormat:sfntData
FileLength:750984
FileModTime:1336298478
%EndFont

%BeginFont
Handler:DirectoryHandler
FontType:TrueType
FontName:ArialMT
FamilyName:Arial
StyleName:Regular
MenuName:Arial
StyleBits:0
WeightClass:400
WidthClass:5
AngleClass:0
FullName:Arial
WritingScript:Roman
OutlineFileName:\Arial.ttf
DataFormat:sfntData
FileLength:773236
FileModTime:1336298478
%EndFont

%BeginFont
Handler:DirectoryHandler
FontType:Type1
FontName:FertigoPro-Regular
FamilyName:Fertigo Pro
StyleName:Regular
MenuName:Fertigo Pro
StyleBits:0
WeightClass:400
WidthClass:5
AngleClass:0
FullName:Fertigo Pro Regular
WritingScript:Roman
OutlineFileName:\Fertigo_PRO.otf
DataFormat:sfntData
UsesStandardEncoding:yes
isCFF:yes
FileLength:52636
FileModTime:1214958443
%EndFont

