%!Adobe-FontList 1.13
%Locale:0x409

%BeginFont
Handler:DirectoryHandler
FontType:TrueType
FontName:Arial-BoldMT
FamilyName:Arial
StyleName:Bold
MenuName:Arial
StyleBits:2
WeightClass:700
WidthClass:5
AngleClass:0
FullName:Arial Bold
WritingScript:Roman
OutlineFileName:\Arial Bold.ttf
DataFormat:sfntData
FileLength:750984
FileModTime:1336298478
%EndFont

%BeginFont
Handler:DirectoryHandler
FontType:TrueType
FontName:ArialMT
FamilyName:Arial
StyleName:Regular
MenuName:Arial
StyleBits:0
WeightClass:400
WidthClass:5
AngleClass:0
FullName:Arial
WritingScript:Roman
OutlineFileName:\Arial.ttf
DataFormat:sfntData
FileLength:773236
FileModTime:1336298478
%EndFont

%BeginFont
Handler:DirectoryHandler
FontType:TrueType
FontName:CourierNewPS-BoldMT
FamilyName:Courier New
StyleName:Bold
MenuName:Courier New
StyleBits:2
WeightClass:700
WidthClass:5
AngleClass:0
FullName:Courier New Bold
WritingScript:Roman
OutlineFileName:\Courier New Bold.ttf
DataFormat:sfntData
FileLength:691796
FileModTime:1336298478
%EndFont

%BeginFont
Handler:DirectoryHandler
FontType:TrueType
FontName:CourierNewPSMT
FamilyName:Courier New
StyleName:Regular
MenuName:Courier New
StyleBits:0
WeightClass:400
WidthClass:5
AngleClass:0
FullName:Courier New
WritingScript:Roman
OutlineFileName:\Courier New.ttf
DataFormat:sfntData
FileLength:684624
FileModTime:1336298478
%EndFont

%BeginFont
Handler:DirectoryHandler
FontType:Type1
FontName:FertigoPro-Regular
FamilyName:Fertigo Pro
StyleName:Regular
MenuName:Fertigo Pro
StyleBits:0
WeightClass:400
WidthClass:5
AngleClass:0
FullName:Fertigo Pro Regular
WritingScript:Roman
OutlineFileName:\Fertigo_PRO.otf
DataFormat:sfntData
UsesStandardEncoding:yes
isCFF:yes
FileLength:52636
FileModTime:1214958443
%EndFont

%BeginFont
Handler:DirectoryHandler
FontType:TrueType
FontName:Times-Roman
FamilyName:Times
StyleName:Regular
MenuName:Times
StyleBits:0
WeightClass:400
WidthClass:5
AngleClass:0
FullName:Times Roman
WritingScript:Roman
OutlineFileName:\Times.dfont
DataFormat:sfntResource
ResourceID:13494
FileLength:1743667
FileModTime:1336298482
%EndFont

%BeginFont
Handler:DirectoryHandler
FontType:TrueType
FontName:Times-Bold
FamilyName:Times
StyleName:Bold
MenuName:Times
StyleBits:2
WeightClass:700
WidthClass:5
AngleClass:0
FullName:Times Bold
WritingScript:Roman
OutlineFileName:\Times.dfont
DataFormat:sfntResource
ResourceID:16697
FileLength:1743667
FileModTime:1336298482
%EndFont

%BeginFont
Handler:DirectoryHandler
FontType:TrueType
FontName:Times-Italic
FamilyName:Times
StyleName:Italic
MenuName:Times
StyleBits:1
WeightClass:400
WidthClass:5
AngleClass:1
FullName:Times Italic
WritingScript:Roman
OutlineFileName:\Times.dfont
DataFormat:sfntResource
ResourceID:21585
FileLength:1743667
FileModTime:1336298482
%EndFont

%BeginFont
Handler:DirectoryHandler
FontType:TrueType
FontName:Times-BoldItalic
FamilyName:Times
StyleName:Bold Italic
MenuName:Times
StyleBits:3
WeightClass:700
WidthClass:5
AngleClass:1
FullName:Times Bold Italic
WritingScript:Roman
OutlineFileName:\Times.dfont
DataFormat:sfntResource
ResourceID:22219
FileLength:1743667
FileModTime:1336298482
%EndFont

%BeginFont
Handler:DirectoryHandler
FontType:Suitcase
FontName:Times-Roman
OutlineFileName:\Times.dfont
ResourceID:20
MacStyle:0
FileLength:1743667
FileModTime:1336298482
%EndFont

%BeginFont
Handler:DirectoryHandler
FontType:Suitcase
FontName:Times-Bold
OutlineFileName:\Times.dfont
ResourceID:20
MacStyle:1
FileLength:1743667
FileModTime:1336298482
%EndFont

%BeginFont
Handler:DirectoryHandler
FontType:Suitcase
FontName:Times-Italic
OutlineFileName:\Times.dfont
ResourceID:20
MacStyle:2
FileLength:1743667
FileModTime:1336298482
%EndFont

%BeginFont
Handler:DirectoryHandler
FontType:Suitcase
FontName:Times-BoldItalic
OutlineFileName:\Times.dfont
ResourceID:20
MacStyle:3
FileLength:1743667
FileModTime:1336298482
%EndFont

